# JRE version: Java(TM) SE Runtime Environment (11.0.6+8) (build 11.0.6+8-LTS)
# Java VM: Java HotSpot(TM) 64-Bit Server VM (11.0.6+8-LTS, mixed mode, tiered, compressed oops, g1 gc, windows-amd64)
Heap:
 garbage-first heap   total 189440K, used 53248K [0x0000000081000000, 0x0000000100000000)
  region size 1024K, 26 young (26624K), 2 survivors (2048K)
 Metaspace       used 72493K, capacity 74203K, committed 74328K, reserved 1114112K
  class space    used 9296K, capacity 9988K, committed 10112K, reserved 1048576K
GC Heap History (10 events):
Event: 7.273 GC heap before
{Heap before GC invocations=10 (full 0):
 garbage-first heap   total 157696K, used 96185K [0x0000000081000000, 0x0000000100000000)
  region size 1024K, 89 young (91136K), 8 survivors (8192K)
 Metaspace       used 38604K, capacity 39636K, committed 39936K, reserved 1083392K
  class space    used 4644K, capacity 5066K, committed 5120K, reserved 1048576K
}
Event: 7.292 GC heap after
{Heap after GC invocations=11 (full 0):
 garbage-first heap   total 157696K, used 17044K [0x0000000081000000, 0x0000000100000000)
  region size 1024K, 9 young (9216K), 9 survivors (9216K)
 Metaspace       used 38604K, capacity 39636K, committed 39936K, reserved 1083392K
  class space    used 4644K, capacity 5066K, committed 5120K, reserved 1048576K
}
Event: 10.483 GC heap before
{Heap before GC invocations=11 (full 0):
 garbage-first heap   total 157696K, used 101012K [0x0000000081000000, 0x0000000100000000)
  region size 1024K, 92 young (94208K), 9 survivors (9216K)
 Metaspace       used 50643K, capacity 51830K, committed 51968K, reserved 1093632K
  class space    used 6343K, capacity 6826K, committed 6912K, reserved 1048576K
}
Event: 10.507 GC heap after
{Heap after GC invocations=12 (full 0):
 garbage-first heap   total 189440K, used 21567K [0x0000000081000000, 0x0000000100000000)
  region size 1024K, 11 young (11264K), 11 survivors (11264K)
 Metaspace       used 50643K, capacity 51830K, committed 51968K, reserved 1093632K
  class space    used 6343K, capacity 6826K, committed 6912K, reserved 1048576K
}
Event: 12.708 GC heap before
{Heap before GC invocations=12 (full 0):
 garbage-first heap   total 189440K, used 58431K [0x0000000081000000, 0x0000000100000000)
  region size 1024K, 48 young (49152K), 11 survivors (11264K)
 Metaspace       used 58373K, capacity 59633K, committed 59736K, reserved 1101824K
  class space    used 7503K, capacity 7991K, committed 8064K, reserved 1048576K
}
Event: 12.729 GC heap after
{Heap after GC invocations=13 (full 0):
 garbage-first heap   total 189440K, used 22883K [0x0000000081000000, 0x0000000100000000)
  region size 1024K, 9 young (9216K), 9 survivors (9216K)
 Metaspace       used 58373K, capacity 59633K, committed 59736K, reserved 1101824K
  class space    used 7503K, capacity 7991K, committed 8064K, reserved 1048576K
}
Event: 16.104 GC heap before
{Heap before GC invocations=14 (full 0):
 garbage-first heap   total 189440K, used 128355K [0x0000000081000000, 0x0000000100000000)
  region size 1024K, 111 young (113664K), 9 survivors (9216K)
 Metaspace       used 68081K, capacity 69768K, committed 69848K, reserved 1110016K
  class space    used 8767K, capacity 9408K, committed 9472K, reserved 1048576K
}
Event: 16.132 GC heap after
{Heap after GC invocations=15 (full 0):
 garbage-first heap   total 189440K, used 34239K [0x0000000081000000, 0x0000000100000000)
  region size 1024K, 14 young (14336K), 14 survivors (14336K)
 Metaspace       used 68081K, capacity 69768K, committed 69848K, reserved 1110016K
  class space    used 8767K, capacity 9408K, committed 9472K, reserved 1048576K
}
Event: 17.267 GC heap before
{Heap before GC invocations=15 (full 0):
 garbage-first heap   total 189440K, used 133567K [0x0000000081000000, 0x0000000100000000)
  region size 1024K, 111 young (113664K), 14 survivors (14336K)
 Metaspace       used 68920K, capacity 70627K, committed 70744K, reserved 1110016K
  class space    used 8850K, capacity 9522K, committed 9600K, reserved 1048576K
}
Event: 17.285 GC heap after
{Heap after GC invocations=16 (full 0):
 garbage-first heap   total 189440K, used 29696K [0x0000000081000000, 0x0000000100000000)
  region size 1024K, 2 young (2048K), 2 survivors (2048K)
 Metaspace       used 68920K, capacity 70627K, committed 70744K, reserved 1110016K
  class space    used 8850K, capacity 9522K, committed 9600K, reserved 1048576K
}

