# JRE version: Java(TM) SE Runtime Environment (11.0.6+8) (build 11.0.6+8-LTS)
# Java VM: Java HotSpot(TM) 64-Bit Server VM (11.0.6+8-LTS, mixed mode, tiered, compressed oops, g1 gc, windows-amd64)
Heap:
 garbage-first heap   total 131072K, used 23686K [0x0000000081000000, 0x0000000100000000)
  region size 1024K, 16 young (16384K), 7 survivors (7168K)
 Metaspace       used 36170K, capacity 37134K, committed 37276K, reserved 1081344K
  class space    used 4382K, capacity 4788K, committed 4808K, reserved 1048576K
GC Heap History (10 events):
Event: 3.331 GC heap before
{Heap before GC invocations=3 (full 0):
 garbage-first heap   total 131072K, used 49634K [0x0000000081000000, 0x0000000100000000)
  region size 1024K, 43 young (44032K), 1 survivors (1024K)
 Metaspace       used 17404K, capacity 17805K, committed 17920K, reserved 1064960K
  class space    used 1845K, capacity 1965K, committed 2048K, reserved 1048576K
}
Event: 3.336 GC heap after
{Heap after GC invocations=4 (full 0):
 garbage-first heap   total 131072K, used 9003K [0x0000000081000000, 0x0000000100000000)
  region size 1024K, 2 young (2048K), 2 survivors (2048K)
 Metaspace       used 17404K, capacity 17805K, committed 17920K, reserved 1064960K
  class space    used 1845K, capacity 1965K, committed 2048K, reserved 1048576K
}
Event: 4.220 GC heap before
{Heap before GC invocations=4 (full 0):
 garbage-first heap   total 131072K, used 33579K [0x0000000081000000, 0x0000000100000000)
  region size 1024K, 27 young (27648K), 2 survivors (2048K)
 Metaspace       used 20770K, capacity 21201K, committed 21248K, reserved 1069056K
  class space    used 2375K, capacity 2544K, committed 2560K, reserved 1048576K
}
Event: 4.225 GC heap after
{Heap after GC invocations=5 (full 0):
 garbage-first heap   total 131072K, used 9890K [0x0000000081000000, 0x0000000100000000)
  region size 1024K, 3 young (3072K), 3 survivors (3072K)
 Metaspace       used 20770K, capacity 21201K, committed 21248K, reserved 1069056K
  class space    used 2375K, capacity 2544K, committed 2560K, reserved 1048576K
}
Event: 6.368 GC heap before
{Heap before GC invocations=6 (full 0):
 garbage-first heap   total 131072K, used 71330K [0x0000000081000000, 0x0000000100000000)
  region size 1024K, 64 young (65536K), 3 survivors (3072K)
 Metaspace       used 27426K, capacity 28038K, committed 28284K, reserved 1075200K
  class space    used 3193K, capacity 3419K, committed 3452K, reserved 1048576K
}
Event: 6.376 GC heap after
{Heap after GC invocations=7 (full 0):
 garbage-first heap   total 131072K, used 11426K [0x0000000081000000, 0x0000000100000000)
  region size 1024K, 5 young (5120K), 5 survivors (5120K)
 Metaspace       used 27426K, capacity 28038K, committed 28284K, reserved 1075200K
  class space    used 3193K, capacity 3419K, committed 3452K, reserved 1048576K
}
Event: 8.542 GC heap before
{Heap before GC invocations=7 (full 0):
 garbage-first heap   total 131072K, used 77986K [0x0000000081000000, 0x0000000100000000)
  region size 1024K, 71 young (72704K), 5 survivors (5120K)
 Metaspace       used 31213K, capacity 32050K, committed 32252K, reserved 1077248K
  class space    used 3680K, capacity 4044K, committed 4092K, reserved 1048576K
}
Event: 8.555 GC heap after
{Heap after GC invocations=8 (full 0):
 garbage-first heap   total 131072K, used 13611K [0x0000000081000000, 0x0000000100000000)
  region size 1024K, 7 young (7168K), 7 survivors (7168K)
 Metaspace       used 31213K, capacity 32050K, committed 32252K, reserved 1077248K
  class space    used 3680K, capacity 4044K, committed 4092K, reserved 1048576K
}
Event: 10.133 GC heap before
{Heap before GC invocations=8 (full 0):
 garbage-first heap   total 131072K, used 45355K [0x0000000081000000, 0x0000000100000000)
  region size 1024K, 39 young (39936K), 7 survivors (7168K)
 Metaspace       used 35177K, capacity 35988K, committed 36048K, reserved 1081344K
  class space    used 4221K, capacity 4575K, committed 4604K, reserved 1048576K
}
Event: 10.153 GC heap after
{Heap after GC invocations=9 (full 0):
 garbage-first heap   total 131072K, used 15494K [0x0000000081000000, 0x0000000100000000)
  region size 1024K, 7 young (7168K), 7 survivors (7168K)
 Metaspace       used 35177K, capacity 35988K, committed 36048K, reserved 1081344K
  class space    used 4221K, capacity 4575K, committed 4604K, reserved 1048576K
}

