# JRE version: Java(TM) SE Runtime Environment (11.0.6+8) (build 11.0.6+8-LTS)
# Java VM: Java HotSpot(TM) 64-Bit Server VM (11.0.6+8-LTS, mixed mode, tiered, compressed oops, g1 gc, windows-amd64)
Heap:
 garbage-first heap   total 208896K, used 25140K [0x0000000081000000, 0x0000000100000000)
  region size 1024K, 9 young (9216K), 9 survivors (9216K)
 Metaspace       used 57440K, capacity 59082K, committed 59216K, reserved 1110016K
  class space    used 7580K, capacity 8210K, committed 8320K, reserved 1048576K
GC Heap History (10 events):
Event: 2.982 GC heap after
{Heap after GC invocations=7 (full 0):
 garbage-first heap   total 131072K, used 11722K [0x0000000081000000, 0x0000000100000000)
  region size 1024K, 5 young (5120K), 5 survivors (5120K)
 Metaspace       used 26524K, capacity 27309K, committed 27392K, reserved 1073152K
  class space    used 3237K, capacity 3570K, committed 3584K, reserved 1048576K
}
Event: 3.931 GC heap before
{Heap before GC invocations=7 (full 0):
 garbage-first heap   total 131072K, used 83402K [0x0000000081000000, 0x0000000100000000)
  region size 1024K, 76 young (77824K), 5 survivors (5120K)
 Metaspace       used 31032K, capacity 32145K, committed 32384K, reserved 1077248K
  class space    used 3920K, capacity 4371K, committed 4480K, reserved 1048576K
}
Event: 3.943 GC heap after
{Heap after GC invocations=8 (full 0):
 garbage-first heap   total 157696K, used 14526K [0x0000000081000000, 0x0000000100000000)
  region size 1024K, 8 young (8192K), 8 survivors (8192K)
 Metaspace       used 31032K, capacity 32145K, committed 32384K, reserved 1077248K
  class space    used 3920K, capacity 4371K, committed 4480K, reserved 1048576K
}
Event: 4.645 GC heap before
{Heap before GC invocations=8 (full 0):
 garbage-first heap   total 157696K, used 47294K [0x0000000081000000, 0x0000000100000000)
  region size 1024K, 41 young (41984K), 8 survivors (8192K)
 Metaspace       used 34585K, capacity 35829K, committed 35920K, reserved 1081344K
  class space    used 4432K, capacity 4952K, committed 4992K, reserved 1048576K
}
Event: 4.672 GC heap after
{Heap after GC invocations=9 (full 0):
 garbage-first heap   total 157696K, used 16534K [0x0000000081000000, 0x0000000100000000)
  region size 1024K, 9 young (9216K), 9 survivors (9216K)
 Metaspace       used 34585K, capacity 35829K, committed 35920K, reserved 1081344K
  class space    used 4432K, capacity 4952K, committed 4992K, reserved 1048576K
}
Event: 4.938 GC heap before
{Heap before GC invocations=10 (full 0):
 garbage-first heap   total 157696K, used 100502K [0x0000000081000000, 0x0000000100000000)
  region size 1024K, 92 young (94208K), 9 survivors (9216K)
 Metaspace       used 35876K, capacity 37140K, committed 37328K, reserved 1081344K
  class space    used 4556K, capacity 5090K, committed 5120K, reserved 1048576K
}
Event: 4.960 GC heap after
{Heap after GC invocations=11 (full 0):
 garbage-first heap   total 157696K, used 17788K [0x0000000081000000, 0x0000000100000000)
  region size 1024K, 7 young (7168K), 7 survivors (7168K)
 Metaspace       used 35876K, capacity 37140K, committed 37328K, reserved 1081344K
  class space    used 4556K, capacity 5090K, committed 5120K, reserved 1048576K
}
Event: 6.504 GC heap before
{Heap before GC invocations=11 (full 0):
 garbage-first heap   total 157696K, used 103804K [0x0000000081000000, 0x0000000100000000)
  region size 1024K, 92 young (94208K), 7 survivors (7168K)
 Metaspace       used 49979K, capacity 51360K, committed 51664K, reserved 1093632K
  class space    used 6572K, capacity 7114K, committed 7168K, reserved 1048576K
}
Event: 6.519 GC heap after
{Heap after GC invocations=12 (full 0):
 garbage-first heap   total 157696K, used 22430K [0x0000000081000000, 0x0000000100000000)
  region size 1024K, 11 young (11264K), 11 survivors (11264K)
 Metaspace       used 49979K, capacity 51360K, committed 51664K, reserved 1093632K
  class space    used 6572K, capacity 7114K, committed 7168K, reserved 1048576K
}
Event: 7.859 GC heap before
{Heap before GC invocations=12 (full 0):
 garbage-first heap   total 157696K, used 72606K [0x0000000081000000, 0x0000000100000000)
  region size 1024K, 61 young (62464K), 11 survivors (11264K)
 Metaspace       used 57440K, capacity 59082K, committed 59216K, reserved 1110016K
  class space    used 7580K, capacity 8210K, committed 8320K, reserved 1048576K
}

